[debug] [2020-09-17T14:22:59.173Z] ----------------------------------------------------------------------
[debug] [2020-09-17T14:22:59.177Z] Command:       /Users/elizabetheidelson/.nvm/versions/node/v14.5.0/bin/node /Users/elizabetheidelson/.nvm/versions/node/v14.5.0/bin/firebase emulators:start
[debug] [2020-09-17T14:22:59.178Z] CLI Version:   8.10.0
[debug] [2020-09-17T14:22:59.178Z] Platform:      darwin
[debug] [2020-09-17T14:22:59.178Z] Node Version:  v14.5.0
[debug] [2020-09-17T14:22:59.180Z] Time:          Thu Sep 17 2020 10:22:59 GMT-0400 (Eastern Daylight Time)
[debug] [2020-09-17T14:22:59.180Z] ----------------------------------------------------------------------
[debug] [2020-09-17T14:22:59.180Z] 
[debug] [2020-09-17T14:22:59.202Z] > command requires scopes: ["email","openid","https://www.googleapis.com/auth/cloudplatformprojects.readonly","https://www.googleapis.com/auth/firebase","https://www.googleapis.com/auth/cloud-platform"]
[debug] [2020-09-17T14:22:59.203Z] > authorizing via signed-in user
[info] i  emulators: Starting emulators: functions, hosting {"metadata":{"emulator":{"name":"hub"},"message":"Starting emulators: functions, hosting"}}
[debug] [2020-09-17T14:22:59.268Z] [hub] writing locator at /var/folders/2x/9xypgxqn655dfgxtgvnd3gy80000gn/T/hub-e-commerce-site-1888f.json
[warn] ⚠  functions: The following emulators are not running, calls to these services from the Functions emulator will affect production: firestore, database, pubsub {"metadata":{"emulator":{"name":"functions"},"message":"The following emulators are not running, calls to these services from the Functions emulator will affect production: \u001b[1mfirestore, database, pubsub\u001b[22m"}}
[warn] ⚠  Your requested "node" version "10" doesn't match your global version "14" {"metadata":{"emulator":{"name":"functions"},"message":"Your requested \"node\" version \"10\" doesn't match your global version \"14\""}}
[debug] [2020-09-17T14:22:59.333Z] defaultcredentials: writing to file /Users/elizabetheidelson/.config/firebase/fluturecode_gmail_com_application_default_credentials.json
[debug] [2020-09-17T14:22:59.345Z] Setting GAC to /Users/elizabetheidelson/.config/firebase/fluturecode_gmail_com_application_default_credentials.json {"metadata":{"emulator":{"name":"functions"},"message":"Setting GAC to /Users/elizabetheidelson/.config/firebase/fluturecode_gmail_com_application_default_credentials.json"}}
[debug] [2020-09-17T14:22:59.361Z] >>> HTTP REQUEST GET https://firebase.googleapis.com/v1beta1/projects/e-commerce-site-1888f/webApps/-/config  
 
[debug] [2020-09-17T14:22:59.996Z] <<< HTTP RESPONSE 200 {"content-type":"application/json; charset=UTF-8","vary":"X-Origin, Referer, Origin,Accept-Encoding","date":"Thu, 17 Sep 2020 14:22:59 GMT","server":"ESF","cache-control":"private","x-xss-protection":"0","x-frame-options":"SAMEORIGIN","x-content-type-options":"nosniff","alt-svc":"h3-29=\":443\"; ma=2592000,h3-27=\":443\"; ma=2592000,h3-T051=\":443\"; ma=2592000,h3-T050=\":443\"; ma=2592000,h3-Q050=\":443\"; ma=2592000,h3-Q046=\":443\"; ma=2592000,h3-Q043=\":443\"; ma=2592000,quic=\":443\"; ma=2592000; v=\"46,43\"","accept-ranges":"none","transfer-encoding":"chunked"}
[info] i  hosting: Serving hosting files from: build {"metadata":{"emulator":{"name":"hosting"},"message":"Serving hosting files from: \u001b[1mbuild\u001b[22m"}}
[info] ✔  hosting: Local server: http://localhost:5000 {"metadata":{"emulator":{"name":"hosting"},"message":"Local server: \u001b[4m\u001b[1mhttp://localhost:5000\u001b[22m\u001b[24m"}}
[debug] [2020-09-17T14:23:00.067Z] Ignoring unsupported arg: auto_download {"metadata":{"emulator":{"name":"ui"},"message":"Ignoring unsupported arg: auto_download"}}
[debug] [2020-09-17T14:23:00.067Z] Ignoring unsupported arg: port {"metadata":{"emulator":{"name":"ui"},"message":"Ignoring unsupported arg: port"}}
[debug] [2020-09-17T14:23:00.068Z] Starting Emulator UI with command {"binary":"node","args":["/Users/elizabetheidelson/.cache/firebase/emulators/ui-v1.1.1/server.bundle.js"],"optionalArgs":[],"joinArgs":false} {"metadata":{"emulator":{"name":"ui"},"message":"Starting Emulator UI with command {\"binary\":\"node\",\"args\":[\"/Users/elizabetheidelson/.cache/firebase/emulators/ui-v1.1.1/server.bundle.js\"],\"optionalArgs\":[],\"joinArgs\":false}"}}
[info] i  ui: Emulator UI logging to ui-debug.log {"metadata":{"emulator":{"name":"ui"},"message":"Emulator UI logging to \u001b[1mui-debug.log\u001b[22m"}}
[debug] [2020-09-17T14:23:00.371Z] Web / API server started at http://localhost:4000
 {"metadata":{"emulator":{"name":"ui"},"message":"Web / API server started at http://localhost:4000\n"}}
[info] i  functions: Watching "/Users/elizabetheidelson/Desktop/e-commerce/functions" for Cloud Functions... {"metadata":{"emulator":{"name":"functions"},"message":"Watching \"/Users/elizabetheidelson/Desktop/e-commerce/functions\" for Cloud Functions..."}}
[debug] [2020-09-17T14:23:00.614Z] [worker-pool] addWorker(~diagnostic~) {"metadata":{"emulator":{"name":"functions"},"message":"[worker-pool] addWorker(~diagnostic~)"}}
[debug] [2020-09-17T14:23:00.615Z] [worker-pool] Adding worker with key ~diagnostic~, total=1 {"metadata":{"emulator":{"name":"functions"},"message":"[worker-pool] Adding worker with key ~diagnostic~, total=1"}}
[debug] [2020-09-17T14:23:00.615Z] [worker-pool] submitWork(triggerId=) {"metadata":{"emulator":{"name":"functions"},"message":"[worker-pool] submitWork(triggerId=)"}}
[debug] [2020-09-17T14:23:00.616Z] [worker-~diagnostic~-e7e71cb9-d00e-4eb9-8174-9873080f1527]: Assigning socketPath: /var/folders/2x/9xypgxqn655dfgxtgvnd3gy80000gn/T/fire_emu_5366.sock {"metadata":{"emulator":{"name":"functions"},"message":"[worker-~diagnostic~-e7e71cb9-d00e-4eb9-8174-9873080f1527]: Assigning socketPath: /var/folders/2x/9xypgxqn655dfgxtgvnd3gy80000gn/T/fire_emu_5366.sock"}}
[debug] [2020-09-17T14:23:00.616Z] [worker-~diagnostic~-e7e71cb9-d00e-4eb9-8174-9873080f1527]: BUSY {"metadata":{"emulator":{"name":"functions"},"message":"[worker-~diagnostic~-e7e71cb9-d00e-4eb9-8174-9873080f1527]: BUSY"}}
[debug] [2020-09-17T14:23:01.485Z] [runtime-status] [5366] Functions runtime initialized. {"cwd":"/Users/elizabetheidelson/Desktop/e-commerce/functions","node_version":"14.5.0"} {"metadata":{"emulator":{"name":"functions"},"message":"[runtime-status] [5366] Functions runtime initialized. {\"cwd\":\"/Users/elizabetheidelson/Desktop/e-commerce/functions\",\"node_version\":\"14.5.0\"}"}}
[debug] [2020-09-17T14:23:01.500Z] [runtime-status] [5366] Disabled runtime features: undefined {"metadata":{"emulator":{"name":"functions"},"message":"[runtime-status] [5366] Disabled runtime features: undefined"}}
[debug] [2020-09-17T14:23:01.517Z] [runtime-status] [5366] Resolved module firebase-admin {"declared":true,"installed":true,"version":"8.13.0","resolution":"/Users/elizabetheidelson/Desktop/e-commerce/functions/node_modules/firebase-admin/lib/index.js"} {"metadata":{"emulator":{"name":"functions"},"message":"[runtime-status] [5366] Resolved module firebase-admin {\"declared\":true,\"installed\":true,\"version\":\"8.13.0\",\"resolution\":\"/Users/elizabetheidelson/Desktop/e-commerce/functions/node_modules/firebase-admin/lib/index.js\"}"}}
[debug] [2020-09-17T14:23:01.526Z] [runtime-status] [5366] Resolved module firebase-functions {"declared":true,"installed":true,"version":"3.11.0","resolution":"/Users/elizabetheidelson/Desktop/e-commerce/functions/node_modules/firebase-functions/lib/index.js"} {"metadata":{"emulator":{"name":"functions"},"message":"[runtime-status] [5366] Resolved module firebase-functions {\"declared\":true,\"installed\":true,\"version\":\"3.11.0\",\"resolution\":\"/Users/elizabetheidelson/Desktop/e-commerce/functions/node_modules/firebase-functions/lib/index.js\"}"}}
[debug] [2020-09-17T14:23:01.529Z] [runtime-status] [5366] Resolved module firebase-functions {"declared":true,"installed":true,"version":"3.11.0","resolution":"/Users/elizabetheidelson/Desktop/e-commerce/functions/node_modules/firebase-functions/lib/index.js"} {"metadata":{"emulator":{"name":"functions"},"message":"[runtime-status] [5366] Resolved module firebase-functions {\"declared\":true,\"installed\":true,\"version\":\"3.11.0\",\"resolution\":\"/Users/elizabetheidelson/Desktop/e-commerce/functions/node_modules/firebase-functions/lib/index.js\"}"}}
[debug] [2020-09-17T14:23:01.532Z] [runtime-status] [5366] Outgoing network have been stubbed. [{"name":"http","status":"mocked"},{"name":"http","status":"mocked"},{"name":"https","status":"mocked"},{"name":"https","status":"mocked"},{"name":"net","status":"mocked"}] {"metadata":{"emulator":{"name":"functions"},"message":"[runtime-status] [5366] Outgoing network have been stubbed. [{\"name\":\"http\",\"status\":\"mocked\"},{\"name\":\"http\",\"status\":\"mocked\"},{\"name\":\"https\",\"status\":\"mocked\"},{\"name\":\"https\",\"status\":\"mocked\"},{\"name\":\"net\",\"status\":\"mocked\"}]"}}
[debug] [2020-09-17T14:23:01.537Z] [runtime-status] [5366] Resolved module firebase-functions {"declared":true,"installed":true,"version":"3.11.0","resolution":"/Users/elizabetheidelson/Desktop/e-commerce/functions/node_modules/firebase-functions/lib/index.js"} {"metadata":{"emulator":{"name":"functions"},"message":"[runtime-status] [5366] Resolved module firebase-functions {\"declared\":true,\"installed\":true,\"version\":\"3.11.0\",\"resolution\":\"/Users/elizabetheidelson/Desktop/e-commerce/functions/node_modules/firebase-functions/lib/index.js\"}"}}
[debug] [2020-09-17T14:23:01.710Z] [runtime-status] [5366] Checked functions.config() {"config":{}} {"metadata":{"emulator":{"name":"functions"},"message":"[runtime-status] [5366] Checked functions.config() {\"config\":{}}"}}
[debug] [2020-09-17T14:23:01.710Z] [runtime-status] [5366] firebase-functions has been stubbed. {"functionsResolution":{"declared":true,"installed":true,"version":"3.11.0","resolution":"/Users/elizabetheidelson/Desktop/e-commerce/functions/node_modules/firebase-functions/lib/index.js"}} {"metadata":{"emulator":{"name":"functions"},"message":"[runtime-status] [5366] firebase-functions has been stubbed. {\"functionsResolution\":{\"declared\":true,\"installed\":true,\"version\":\"3.11.0\",\"resolution\":\"/Users/elizabetheidelson/Desktop/e-commerce/functions/node_modules/firebase-functions/lib/index.js\"}}"}}
[debug] [2020-09-17T14:23:01.711Z] [runtime-status] [5366] Resolved module firebase-functions {"declared":true,"installed":true,"version":"3.11.0","resolution":"/Users/elizabetheidelson/Desktop/e-commerce/functions/node_modules/firebase-functions/lib/index.js"} {"metadata":{"emulator":{"name":"functions"},"message":"[runtime-status] [5366] Resolved module firebase-functions {\"declared\":true,\"installed\":true,\"version\":\"3.11.0\",\"resolution\":\"/Users/elizabetheidelson/Desktop/e-commerce/functions/node_modules/firebase-functions/lib/index.js\"}"}}
[debug] [2020-09-17T14:23:01.712Z] [runtime-status] [5366] Resolved module firebase-admin {"declared":true,"installed":true,"version":"8.13.0","resolution":"/Users/elizabetheidelson/Desktop/e-commerce/functions/node_modules/firebase-admin/lib/index.js"} {"metadata":{"emulator":{"name":"functions"},"message":"[runtime-status] [5366] Resolved module firebase-admin {\"declared\":true,\"installed\":true,\"version\":\"8.13.0\",\"resolution\":\"/Users/elizabetheidelson/Desktop/e-commerce/functions/node_modules/firebase-admin/lib/index.js\"}"}}
[debug] [2020-09-17T14:23:01.713Z] [runtime-status] [5366] Resolved module firebase-functions {"declared":true,"installed":true,"version":"3.11.0","resolution":"/Users/elizabetheidelson/Desktop/e-commerce/functions/node_modules/firebase-functions/lib/index.js"} {"metadata":{"emulator":{"name":"functions"},"message":"[runtime-status] [5366] Resolved module firebase-functions {\"declared\":true,\"installed\":true,\"version\":\"3.11.0\",\"resolution\":\"/Users/elizabetheidelson/Desktop/e-commerce/functions/node_modules/firebase-functions/lib/index.js\"}"}}
[debug] [2020-09-17T14:23:01.713Z] [runtime-status] [5366] firebase-admin has been stubbed. {"adminResolution":{"declared":true,"installed":true,"version":"8.13.0","resolution":"/Users/elizabetheidelson/Desktop/e-commerce/functions/node_modules/firebase-admin/lib/index.js"}} {"metadata":{"emulator":{"name":"functions"},"message":"[runtime-status] [5366] firebase-admin has been stubbed. {\"adminResolution\":{\"declared\":true,\"installed\":true,\"version\":\"8.13.0\",\"resolution\":\"/Users/elizabetheidelson/Desktop/e-commerce/functions/node_modules/firebase-admin/lib/index.js\"}}"}}
[info] ✔  functions[api]: http function initialized (http://localhost:5001/e-commerce-site-1888f/us-central1/api). {"metadata":{"emulator":{"name":"functions"},"message":"\u001b[1mhttp\u001b[22m function initialized (http://localhost:5001/e-commerce-site-1888f/us-central1/api)."}}
[info] 
┌───────────────────────────────────────────────────────────────────────┐
│ ✔  All emulators ready! View status and logs at http://localhost:4000 │
└───────────────────────────────────────────────────────────────────────┘

┌───────────┬────────────────┬─────────────────────────────────┐
│ Emulator  │ Host:Port      │ View in Emulator UI             │
├───────────┼────────────────┼─────────────────────────────────┤
│ Functions │ localhost:5001 │ http://localhost:4000/functions │
├───────────┼────────────────┼─────────────────────────────────┤
│ Hosting   │ localhost:5000 │ n/a                             │
└───────────┴────────────────┴─────────────────────────────────┘
  Other reserved ports: 4400, 4500

Issues? Report them at https://github.com/firebase/firebase-tools/issues and attach the *-debug.log files.
 
[debug] [2020-09-17T14:23:02.218Z] [worker-~diagnostic~-e7e71cb9-d00e-4eb9-8174-9873080f1527]: IDLE {"metadata":{"emulator":{"name":"functions"},"message":"[worker-~diagnostic~-e7e71cb9-d00e-4eb9-8174-9873080f1527]: IDLE"}}
[debug] [2020-09-17T14:23:18.743Z] [work-queue] {"queueLength":1,"workRunningCount":0}
[debug] [2020-09-17T14:23:18.743Z] [work-queue] {"queueLength":0,"workRunningCount":1}
[debug] [2020-09-17T14:23:18.744Z] Accepted request POST /e-commerce-site-1888f/us-central1/api/payments/create?total=52199 --> api
[debug] [2020-09-17T14:23:18.753Z] [worker-pool] addWorker(api) {"metadata":{"emulator":{"name":"functions"},"message":"[worker-pool] addWorker(api)"}}
[debug] [2020-09-17T14:23:18.756Z] [worker-pool] Adding worker with key api, total=1 {"metadata":{"emulator":{"name":"functions"},"message":"[worker-pool] Adding worker with key api, total=1"}}
[debug] [2020-09-17T14:23:18.757Z] [worker-pool] submitWork(triggerId=api) {"metadata":{"emulator":{"name":"functions"},"message":"[worker-pool] submitWork(triggerId=api)"}}
[debug] [2020-09-17T14:23:18.757Z] [worker-api-02b9ac52-bdb4-4392-939c-2c458d57788c]: Assigning socketPath: /var/folders/2x/9xypgxqn655dfgxtgvnd3gy80000gn/T/fire_emu_5382.sock {"metadata":{"emulator":{"name":"functions"},"message":"[worker-api-02b9ac52-bdb4-4392-939c-2c458d57788c]: Assigning socketPath: /var/folders/2x/9xypgxqn655dfgxtgvnd3gy80000gn/T/fire_emu_5382.sock"}}
[debug] [2020-09-17T14:23:18.758Z] [worker-api-02b9ac52-bdb4-4392-939c-2c458d57788c]: BUSY {"metadata":{"emulator":{"name":"functions"},"message":"[worker-api-02b9ac52-bdb4-4392-939c-2c458d57788c]: BUSY"}}
[debug] [2020-09-17T14:23:20.527Z] [runtime-status] [5382] Functions runtime initialized. {"cwd":"/Users/elizabetheidelson/Desktop/e-commerce/functions","node_version":"14.5.0"} {"metadata":{"emulator":{"name":"functions"},"function":{"name":"api"},"message":"[runtime-status] [5382] Functions runtime initialized. {\"cwd\":\"/Users/elizabetheidelson/Desktop/e-commerce/functions\",\"node_version\":\"14.5.0\"}"}}
[debug] [2020-09-17T14:23:20.530Z] [runtime-status] [5382] Disabled runtime features: undefined {"metadata":{"emulator":{"name":"functions"},"function":{"name":"api"},"message":"[runtime-status] [5382] Disabled runtime features: undefined"}}
[debug] [2020-09-17T14:23:20.539Z] [runtime-status] [5382] Resolved module firebase-admin {"declared":true,"installed":true,"version":"8.13.0","resolution":"/Users/elizabetheidelson/Desktop/e-commerce/functions/node_modules/firebase-admin/lib/index.js"} {"metadata":{"emulator":{"name":"functions"},"function":{"name":"api"},"message":"[runtime-status] [5382] Resolved module firebase-admin {\"declared\":true,\"installed\":true,\"version\":\"8.13.0\",\"resolution\":\"/Users/elizabetheidelson/Desktop/e-commerce/functions/node_modules/firebase-admin/lib/index.js\"}"}}
[debug] [2020-09-17T14:23:20.542Z] [runtime-status] [5382] Resolved module firebase-functions {"declared":true,"installed":true,"version":"3.11.0","resolution":"/Users/elizabetheidelson/Desktop/e-commerce/functions/node_modules/firebase-functions/lib/index.js"} {"metadata":{"emulator":{"name":"functions"},"function":{"name":"api"},"message":"[runtime-status] [5382] Resolved module firebase-functions {\"declared\":true,\"installed\":true,\"version\":\"3.11.0\",\"resolution\":\"/Users/elizabetheidelson/Desktop/e-commerce/functions/node_modules/firebase-functions/lib/index.js\"}"}}
[debug] [2020-09-17T14:23:20.545Z] [runtime-status] [5382] Resolved module firebase-functions {"declared":true,"installed":true,"version":"3.11.0","resolution":"/Users/elizabetheidelson/Desktop/e-commerce/functions/node_modules/firebase-functions/lib/index.js"} {"metadata":{"emulator":{"name":"functions"},"function":{"name":"api"},"message":"[runtime-status] [5382] Resolved module firebase-functions {\"declared\":true,\"installed\":true,\"version\":\"3.11.0\",\"resolution\":\"/Users/elizabetheidelson/Desktop/e-commerce/functions/node_modules/firebase-functions/lib/index.js\"}"}}
[debug] [2020-09-17T14:23:20.550Z] [runtime-status] [5382] Outgoing network have been stubbed. [{"name":"http","status":"mocked"},{"name":"http","status":"mocked"},{"name":"https","status":"mocked"},{"name":"https","status":"mocked"},{"name":"net","status":"mocked"}] {"metadata":{"emulator":{"name":"functions"},"function":{"name":"api"},"message":"[runtime-status] [5382] Outgoing network have been stubbed. [{\"name\":\"http\",\"status\":\"mocked\"},{\"name\":\"http\",\"status\":\"mocked\"},{\"name\":\"https\",\"status\":\"mocked\"},{\"name\":\"https\",\"status\":\"mocked\"},{\"name\":\"net\",\"status\":\"mocked\"}]"}}
[debug] [2020-09-17T14:23:20.550Z] [runtime-status] [5382] Resolved module firebase-functions {"declared":true,"installed":true,"version":"3.11.0","resolution":"/Users/elizabetheidelson/Desktop/e-commerce/functions/node_modules/firebase-functions/lib/index.js"} {"metadata":{"emulator":{"name":"functions"},"function":{"name":"api"},"message":"[runtime-status] [5382] Resolved module firebase-functions {\"declared\":true,\"installed\":true,\"version\":\"3.11.0\",\"resolution\":\"/Users/elizabetheidelson/Desktop/e-commerce/functions/node_modules/firebase-functions/lib/index.js\"}"}}
[debug] [2020-09-17T14:23:20.651Z] [runtime-status] [5382] Checked functions.config() {"config":{}} {"metadata":{"emulator":{"name":"functions"},"function":{"name":"api"},"message":"[runtime-status] [5382] Checked functions.config() {\"config\":{}}"}}
[debug] [2020-09-17T14:23:20.652Z] [runtime-status] [5382] firebase-functions has been stubbed. {"functionsResolution":{"declared":true,"installed":true,"version":"3.11.0","resolution":"/Users/elizabetheidelson/Desktop/e-commerce/functions/node_modules/firebase-functions/lib/index.js"}} {"metadata":{"emulator":{"name":"functions"},"function":{"name":"api"},"message":"[runtime-status] [5382] firebase-functions has been stubbed. {\"functionsResolution\":{\"declared\":true,\"installed\":true,\"version\":\"3.11.0\",\"resolution\":\"/Users/elizabetheidelson/Desktop/e-commerce/functions/node_modules/firebase-functions/lib/index.js\"}}"}}
[debug] [2020-09-17T14:23:20.652Z] [runtime-status] [5382] Resolved module firebase-functions {"declared":true,"installed":true,"version":"3.11.0","resolution":"/Users/elizabetheidelson/Desktop/e-commerce/functions/node_modules/firebase-functions/lib/index.js"} {"metadata":{"emulator":{"name":"functions"},"function":{"name":"api"},"message":"[runtime-status] [5382] Resolved module firebase-functions {\"declared\":true,\"installed\":true,\"version\":\"3.11.0\",\"resolution\":\"/Users/elizabetheidelson/Desktop/e-commerce/functions/node_modules/firebase-functions/lib/index.js\"}"}}
[debug] [2020-09-17T14:23:20.653Z] [runtime-status] [5382] Resolved module firebase-admin {"declared":true,"installed":true,"version":"8.13.0","resolution":"/Users/elizabetheidelson/Desktop/e-commerce/functions/node_modules/firebase-admin/lib/index.js"} {"metadata":{"emulator":{"name":"functions"},"function":{"name":"api"},"message":"[runtime-status] [5382] Resolved module firebase-admin {\"declared\":true,\"installed\":true,\"version\":\"8.13.0\",\"resolution\":\"/Users/elizabetheidelson/Desktop/e-commerce/functions/node_modules/firebase-admin/lib/index.js\"}"}}
[debug] [2020-09-17T14:23:20.654Z] [runtime-status] [5382] Resolved module firebase-functions {"declared":true,"installed":true,"version":"3.11.0","resolution":"/Users/elizabetheidelson/Desktop/e-commerce/functions/node_modules/firebase-functions/lib/index.js"} {"metadata":{"emulator":{"name":"functions"},"function":{"name":"api"},"message":"[runtime-status] [5382] Resolved module firebase-functions {\"declared\":true,\"installed\":true,\"version\":\"3.11.0\",\"resolution\":\"/Users/elizabetheidelson/Desktop/e-commerce/functions/node_modules/firebase-functions/lib/index.js\"}"}}
[debug] [2020-09-17T14:23:20.654Z] [runtime-status] [5382] firebase-admin has been stubbed. {"adminResolution":{"declared":true,"installed":true,"version":"8.13.0","resolution":"/Users/elizabetheidelson/Desktop/e-commerce/functions/node_modules/firebase-admin/lib/index.js"}} {"metadata":{"emulator":{"name":"functions"},"function":{"name":"api"},"message":"[runtime-status] [5382] firebase-admin has been stubbed. {\"adminResolution\":{\"declared\":true,\"installed\":true,\"version\":\"8.13.0\",\"resolution\":\"/Users/elizabetheidelson/Desktop/e-commerce/functions/node_modules/firebase-admin/lib/index.js\"}}"}}
[debug] [2020-09-17T14:23:21.170Z] [runtime-status] [5382] Trigger "api" has been found, beginning invocation! {"metadata":{"emulator":{"name":"functions"},"function":{"name":"api"},"message":"[runtime-status] [5382] Trigger \"api\" has been found, beginning invocation!"}}
[info] i  functions: Beginning execution of "api" {"metadata":{"emulator":{"name":"functions"},"function":{"name":"api"},"message":"Beginning execution of \"api\""}}
[debug] [2020-09-17T14:23:21.172Z] [runtime-status] [5382] triggerDefinition {"httpsTrigger":{},"name":"api","entryPoint":"api"} {"metadata":{"emulator":{"name":"functions"},"function":{"name":"api"},"message":"[runtime-status] [5382] triggerDefinition {\"httpsTrigger\":{},\"name\":\"api\",\"entryPoint\":\"api\"}"}}
[debug] [2020-09-17T14:23:21.172Z] [runtime-status] [5382] Running api in mode HTTPS {"metadata":{"emulator":{"name":"functions"},"function":{"name":"api"},"message":"[runtime-status] [5382] Running api in mode HTTPS"}}
[debug] [2020-09-17T14:23:21.179Z] [runtime-status] [5382] Attempting to listen to socketPath: /var/folders/2x/9xypgxqn655dfgxtgvnd3gy80000gn/T/fire_emu_5382.sock {"metadata":{"emulator":{"name":"functions"},"function":{"name":"api"},"message":"[runtime-status] [5382] Attempting to listen to socketPath: /var/folders/2x/9xypgxqn655dfgxtgvnd3gy80000gn/T/fire_emu_5382.sock"}}
[debug] [2020-09-17T14:23:21.190Z] [functions] Runtime ready! Sending request! {"metadata":{"emulator":{"name":"functions"},"message":"[functions] Runtime ready! Sending request!"}}
[debug] [2020-09-17T14:23:21.230Z] [runtime-status] [5382] Ephemeral server handling POST request {"metadata":{"emulator":{"name":"functions"},"function":{"name":"api"},"message":"[runtime-status] [5382] Ephemeral server handling POST request"}}
[info] >  Payment Request Receive for this amount >>> 52199 {"user":"Payment Request Receive for this amount >>> 52199","metadata":{"emulator":{"name":"functions"},"function":{"name":"api"},"message":"\u001b[90m> \u001b[39m Payment Request Receive for this amount >>> 52199"}}
[debug] [2020-09-17T14:23:21.338Z] [runtime-status] [5382] Ephemeral server survived. {"metadata":{"emulator":{"name":"functions"},"function":{"name":"api"},"message":"[runtime-status] [5382] Ephemeral server survived."}}
[info] i  functions: Finished "api" in ~1s {"metadata":{"emulator":{"name":"functions"},"function":{"name":"api"},"message":"Finished \"api\" in ~1s"}}
[debug] [2020-09-17T14:23:21.952Z] [worker-api-02b9ac52-bdb4-4392-939c-2c458d57788c]: IDLE {"metadata":{"emulator":{"name":"functions"},"message":"[worker-api-02b9ac52-bdb4-4392-939c-2c458d57788c]: IDLE"}}
[debug] [2020-09-17T14:23:21.952Z] [work-queue] {"queueLength":0,"workRunningCount":0}
[debug] [2020-09-17T14:30:20.132Z] [work-queue] {"queueLength":1,"workRunningCount":0}
[debug] [2020-09-17T14:30:20.133Z] [work-queue] {"queueLength":0,"workRunningCount":1}
[debug] [2020-09-17T14:30:20.133Z] Accepted request POST /e-commerce-site-1888f/us-central1/api/payments/create?total=120599 --> api
[debug] [2020-09-17T14:30:20.133Z] [worker-pool] submitWork(triggerId=api) {"metadata":{"emulator":{"name":"functions"},"message":"[worker-pool] submitWork(triggerId=api)"}}
[debug] [2020-09-17T14:30:20.134Z] [worker-api-02b9ac52-bdb4-4392-939c-2c458d57788c]: Assigning socketPath: /var/folders/2x/9xypgxqn655dfgxtgvnd3gy80000gn/T/fire_emu_5382.sock {"metadata":{"emulator":{"name":"functions"},"message":"[worker-api-02b9ac52-bdb4-4392-939c-2c458d57788c]: Assigning socketPath: /var/folders/2x/9xypgxqn655dfgxtgvnd3gy80000gn/T/fire_emu_5382.sock"}}
[debug] [2020-09-17T14:30:20.134Z] [worker-api-02b9ac52-bdb4-4392-939c-2c458d57788c]: BUSY {"metadata":{"emulator":{"name":"functions"},"message":"[worker-api-02b9ac52-bdb4-4392-939c-2c458d57788c]: BUSY"}}
[debug] [2020-09-17T14:30:20.141Z] [runtime-status] [5382] Trigger "api" has been found, beginning invocation! {"metadata":{"emulator":{"name":"functions"},"function":{"name":"api"},"message":"[runtime-status] [5382] Trigger \"api\" has been found, beginning invocation!"}}
[info] i  functions: Beginning execution of "api" {"metadata":{"emulator":{"name":"functions"},"function":{"name":"api"},"message":"Beginning execution of \"api\""}}
[debug] [2020-09-17T14:30:20.142Z] [runtime-status] [5382] triggerDefinition {"httpsTrigger":{},"name":"api","entryPoint":"api"} {"metadata":{"emulator":{"name":"functions"},"function":{"name":"api"},"message":"[runtime-status] [5382] triggerDefinition {\"httpsTrigger\":{},\"name\":\"api\",\"entryPoint\":\"api\"}"}}
[debug] [2020-09-17T14:30:20.142Z] [runtime-status] [5382] Running api in mode HTTPS {"metadata":{"emulator":{"name":"functions"},"function":{"name":"api"},"message":"[runtime-status] [5382] Running api in mode HTTPS"}}
[debug] [2020-09-17T14:30:20.146Z] [runtime-status] [5382] Attempting to listen to socketPath: /var/folders/2x/9xypgxqn655dfgxtgvnd3gy80000gn/T/fire_emu_5382.sock {"metadata":{"emulator":{"name":"functions"},"function":{"name":"api"},"message":"[runtime-status] [5382] Attempting to listen to socketPath: /var/folders/2x/9xypgxqn655dfgxtgvnd3gy80000gn/T/fire_emu_5382.sock"}}
[debug] [2020-09-17T14:30:20.160Z] [functions] Runtime ready! Sending request! {"metadata":{"emulator":{"name":"functions"},"message":"[functions] Runtime ready! Sending request!"}}
[debug] [2020-09-17T14:30:20.169Z] [runtime-status] [5382] Ephemeral server handling POST request {"metadata":{"emulator":{"name":"functions"},"function":{"name":"api"},"message":"[runtime-status] [5382] Ephemeral server handling POST request"}}
[info] >  Payment Request Receive for this amount >>> 120599 {"user":"Payment Request Receive for this amount >>> 120599","metadata":{"emulator":{"name":"functions"},"function":{"name":"api"},"message":"\u001b[90m> \u001b[39m Payment Request Receive for this amount >>> 120599"}}
[debug] [2020-09-17T14:30:20.196Z] [runtime-status] [5382] Ephemeral server survived. {"metadata":{"emulator":{"name":"functions"},"function":{"name":"api"},"message":"[runtime-status] [5382] Ephemeral server survived."}}
[info] i  functions: Finished "api" in ~1s {"metadata":{"emulator":{"name":"functions"},"function":{"name":"api"},"message":"Finished \"api\" in ~1s"}}
[debug] [2020-09-17T14:30:20.679Z] [worker-api-02b9ac52-bdb4-4392-939c-2c458d57788c]: IDLE {"metadata":{"emulator":{"name":"functions"},"message":"[worker-api-02b9ac52-bdb4-4392-939c-2c458d57788c]: IDLE"}}
[debug] [2020-09-17T14:30:20.679Z] [work-queue] {"queueLength":0,"workRunningCount":0}
[debug] [2020-09-17T14:30:59.934Z] [work-queue] {"queueLength":1,"workRunningCount":0}
[debug] [2020-09-17T14:30:59.934Z] [work-queue] {"queueLength":0,"workRunningCount":1}
[debug] [2020-09-17T14:30:59.934Z] Accepted request POST /e-commerce-site-1888f/us-central1/api/payments/create?total=62098 --> api
[debug] [2020-09-17T14:30:59.934Z] [worker-pool] submitWork(triggerId=api) {"metadata":{"emulator":{"name":"functions"},"message":"[worker-pool] submitWork(triggerId=api)"}}
[debug] [2020-09-17T14:30:59.935Z] [worker-api-02b9ac52-bdb4-4392-939c-2c458d57788c]: Assigning socketPath: /var/folders/2x/9xypgxqn655dfgxtgvnd3gy80000gn/T/fire_emu_5382.sock {"metadata":{"emulator":{"name":"functions"},"message":"[worker-api-02b9ac52-bdb4-4392-939c-2c458d57788c]: Assigning socketPath: /var/folders/2x/9xypgxqn655dfgxtgvnd3gy80000gn/T/fire_emu_5382.sock"}}
[debug] [2020-09-17T14:30:59.935Z] [worker-api-02b9ac52-bdb4-4392-939c-2c458d57788c]: BUSY {"metadata":{"emulator":{"name":"functions"},"message":"[worker-api-02b9ac52-bdb4-4392-939c-2c458d57788c]: BUSY"}}
[debug] [2020-09-17T14:30:59.941Z] [runtime-status] [5382] Trigger "api" has been found, beginning invocation! {"metadata":{"emulator":{"name":"functions"},"function":{"name":"api"},"message":"[runtime-status] [5382] Trigger \"api\" has been found, beginning invocation!"}}
[info] i  functions: Beginning execution of "api" {"metadata":{"emulator":{"name":"functions"},"function":{"name":"api"},"message":"Beginning execution of \"api\""}}
[debug] [2020-09-17T14:30:59.942Z] [runtime-status] [5382] triggerDefinition {"httpsTrigger":{},"name":"api","entryPoint":"api"} {"metadata":{"emulator":{"name":"functions"},"function":{"name":"api"},"message":"[runtime-status] [5382] triggerDefinition {\"httpsTrigger\":{},\"name\":\"api\",\"entryPoint\":\"api\"}"}}
[debug] [2020-09-17T14:30:59.942Z] [runtime-status] [5382] Running api in mode HTTPS {"metadata":{"emulator":{"name":"functions"},"function":{"name":"api"},"message":"[runtime-status] [5382] Running api in mode HTTPS"}}
[debug] [2020-09-17T14:30:59.942Z] [runtime-status] [5382] Attempting to listen to socketPath: /var/folders/2x/9xypgxqn655dfgxtgvnd3gy80000gn/T/fire_emu_5382.sock {"metadata":{"emulator":{"name":"functions"},"function":{"name":"api"},"message":"[runtime-status] [5382] Attempting to listen to socketPath: /var/folders/2x/9xypgxqn655dfgxtgvnd3gy80000gn/T/fire_emu_5382.sock"}}
[debug] [2020-09-17T14:30:59.946Z] [functions] Runtime ready! Sending request! {"metadata":{"emulator":{"name":"functions"},"message":"[functions] Runtime ready! Sending request!"}}
[debug] [2020-09-17T14:30:59.965Z] [runtime-status] [5382] Ephemeral server handling POST request {"metadata":{"emulator":{"name":"functions"},"function":{"name":"api"},"message":"[runtime-status] [5382] Ephemeral server handling POST request"}}
[info] >  Payment Request Receive for this amount >>> 62098 {"user":"Payment Request Receive for this amount >>> 62098","metadata":{"emulator":{"name":"functions"},"function":{"name":"api"},"message":"\u001b[90m> \u001b[39m Payment Request Receive for this amount >>> 62098"}}
[debug] [2020-09-17T14:30:59.971Z] [runtime-status] [5382] Ephemeral server survived. {"metadata":{"emulator":{"name":"functions"},"function":{"name":"api"},"message":"[runtime-status] [5382] Ephemeral server survived."}}
[info] i  functions: Finished "api" in ~1s {"metadata":{"emulator":{"name":"functions"},"function":{"name":"api"},"message":"Finished \"api\" in ~1s"}}
[debug] [2020-09-17T14:31:00.222Z] [worker-api-02b9ac52-bdb4-4392-939c-2c458d57788c]: IDLE {"metadata":{"emulator":{"name":"functions"},"message":"[worker-api-02b9ac52-bdb4-4392-939c-2c458d57788c]: IDLE"}}
[debug] [2020-09-17T14:31:00.222Z] [work-queue] {"queueLength":0,"workRunningCount":0}
